app/build/intermediates/manifest_merge_blame_file/debug/manifest-merger-blame-debug-report.txt
1<?xml version="1.0" encoding="utf-8"?>
2<manifest xmlns:android="http://schemas.android.com/apk/res/android"
3    package="com.example.skripsi"
4    android:versionCode="1"
5    android:versionName="1.0" >
6
7    <uses-sdk
8        android:minSdkVersion="26"
8-->src\main\AndroidManifest.xml
9        android:targetSdkVersion="32" />
9-->src\main\AndroidManifest.xml
10
11    <uses-permission android:name="android.permission.WRITE_EXTERNAL_STORAGE" />
11-->src\main\AndroidManifest.xml:6:5-81
11-->src\main\AndroidManifest.xml:6:22-78
12    <uses-permission android:name="android.permission.READ_EXTERNAL_STORAGE" />
12-->src\main\AndroidManifest.xml:7:5-80
12-->src\main\AndroidManifest.xml:7:22-77
13
14    <uses-feature android:name="android.hardware.camera.any" />
14-->src\main\AndroidManifest.xml:9:5-64
14-->src\main\AndroidManifest.xml:9:19-61
15
16    <uses-permission android:name="android.permission.CAMERA" />
16-->src\main\AndroidManifest.xml:11:5-65
16-->src\main\AndroidManifest.xml:11:22-62
17
18    <!-- For remote config -->
19    <uses-permission android:name="android.permission.ACCESS_NETWORK_STATE" />
19-->[com.google.mlkit:pose-detection-common:18.0.0-beta3] AndroidManifest.xml:7:5-79
19-->[com.google.mlkit:pose-detection-common:18.0.0-beta3] AndroidManifest.xml:7:22-76
20    <uses-permission android:name="android.permission.INTERNET" />
20-->[com.google.mlkit:pose-detection-common:18.0.0-beta3] AndroidManifest.xml:8:5-67
20-->[com.google.mlkit:pose-detection-common:18.0.0-beta3] AndroidManifest.xml:8:22-64
21
22    <queries>
22-->[androidx.camera:camera-extensions:1.1.0-beta01] AndroidManifest.xml:24:5-28:15
23        <intent>
23-->[androidx.camera:camera-extensions:1.1.0-beta01] AndroidManifest.xml:25:9-27:18
24            <action android:name="androidx.camera.extensions.action.VENDOR_ACTION" />
24-->[androidx.camera:camera-extensions:1.1.0-beta01] AndroidManifest.xml:26:13-86
24-->[androidx.camera:camera-extensions:1.1.0-beta01] AndroidManifest.xml:26:21-83
25        </intent>
26    </queries>
27
28    <uses-permission android:name="android.permission.WAKE_LOCK" />
28-->[androidx.work:work-runtime:2.7.0] AndroidManifest.xml:25:5-68
28-->[androidx.work:work-runtime:2.7.0] AndroidManifest.xml:25:22-65
29    <uses-permission android:name="android.permission.RECEIVE_BOOT_COMPLETED" />
29-->[androidx.work:work-runtime:2.7.0] AndroidManifest.xml:27:5-81
29-->[androidx.work:work-runtime:2.7.0] AndroidManifest.xml:27:22-78
30    <uses-permission android:name="android.permission.FOREGROUND_SERVICE" />
30-->[androidx.work:work-runtime:2.7.0] AndroidManifest.xml:28:5-77
30-->[androidx.work:work-runtime:2.7.0] AndroidManifest.xml:28:22-74
31
32    <application
32-->src\main\AndroidManifest.xml:13:5-47:19
33        android:allowBackup="true"
33-->src\main\AndroidManifest.xml:14:9-35
34        android:appComponentFactory="androidx.core.app.CoreComponentFactory"
34-->[androidx.core:core:1.7.0] AndroidManifest.xml:24:18-86
35        android:dataExtractionRules="@xml/data_extraction_rules"
35-->src\main\AndroidManifest.xml:15:9-65
36        android:debuggable="true"
37        android:extractNativeLibs="false"
38        android:fullBackupContent="@xml/backup_rules"
38-->src\main\AndroidManifest.xml:16:9-54
39        android:icon="@mipmap/app"
39-->src\main\AndroidManifest.xml:17:9-35
40        android:label="@string/app_name"
40-->src\main\AndroidManifest.xml:18:9-41
41        android:roundIcon="@mipmap/app_round"
41-->src\main\AndroidManifest.xml:19:9-46
42        android:supportsRtl="true"
42-->src\main\AndroidManifest.xml:20:9-35
43        android:testOnly="true"
44        android:theme="@style/Theme.Skripsi" >
44-->src\main\AndroidManifest.xml:21:9-45
45        <activity
45-->src\main\AndroidManifest.xml:23:9-35:20
46            android:name="com.example.skripsi.Splash"
46-->src\main\AndroidManifest.xml:24:13-35
47            android:exported="true"
47-->src\main\AndroidManifest.xml:25:13-36
48            android:theme="@style/Theme.AppCompat.NoActionBar" >
48-->src\main\AndroidManifest.xml:26:13-63
49            <intent-filter>
49-->src\main\AndroidManifest.xml:27:13-31:29
50                <action android:name="android.intent.action.MAIN" />
50-->src\main\AndroidManifest.xml:28:17-69
50-->src\main\AndroidManifest.xml:28:25-66
51
52                <category android:name="android.intent.category.LAUNCHER" />
52-->src\main\AndroidManifest.xml:30:17-77
52-->src\main\AndroidManifest.xml:30:27-74
53            </intent-filter>
54
55            <meta-data
55-->src\main\AndroidManifest.xml:32:13-34:36
56                android:name="android.app.lib_name"
56-->src\main\AndroidManifest.xml:33:17-52
57                android:value="" />
57-->src\main\AndroidManifest.xml:34:17-33
58        </activity>
59        <activity
59-->src\main\AndroidManifest.xml:36:9-39:66
60            android:name="com.example.skripsi.deteksi"
60-->src\main\AndroidManifest.xml:37:13-36
61            android:exported="false"
61-->src\main\AndroidManifest.xml:38:13-37
62            android:theme="@style/Theme.AppCompat.NoActionBar" />
62-->src\main\AndroidManifest.xml:39:13-63
63        <activity
63-->src\main\AndroidManifest.xml:40:9-42:40
64            android:name="com.example.skripsi.detail"
64-->src\main\AndroidManifest.xml:41:13-35
65            android:exported="false" />
65-->src\main\AndroidManifest.xml:42:13-37
66        <activity
66-->src\main\AndroidManifest.xml:43:9-46:20
67            android:name="com.example.skripsi.MainActivity"
67-->src\main\AndroidManifest.xml:44:13-41
68            android:exported="false" >
68-->src\main\AndroidManifest.xml:45:13-37
69        </activity>
70        <!--
71             Required for ML Kit Pose Detection GPU acceleration. Applications that target Android
72             S+ require explicit declaration of any referenced vendor-provided libraries.
73        -->
74        <uses-native-library
74-->[com.google.mlkit:pose-detection-common:18.0.0-beta3] AndroidManifest.xml:16:9-18:40
75            android:name="libOpenCL.so"
75-->[com.google.mlkit:pose-detection-common:18.0.0-beta3] AndroidManifest.xml:17:13-40
76            android:required="false" />
76-->[com.google.mlkit:pose-detection-common:18.0.0-beta3] AndroidManifest.xml:18:13-37
77        <uses-native-library
77-->[com.google.mlkit:pose-detection-common:18.0.0-beta3] AndroidManifest.xml:16:9-18:40
78            android:name="libOpenCL-car.so"
78-->[com.google.mlkit:pose-detection-common:18.0.0-beta3] AndroidManifest.xml:17:13-40
79            android:required="false" />
79-->[com.google.mlkit:pose-detection-common:18.0.0-beta3] AndroidManifest.xml:18:13-37
80        <uses-native-library
80-->[com.google.mlkit:pose-detection-common:18.0.0-beta3] AndroidManifest.xml:16:9-18:40
81            android:name="libOpenCL-pixel.so"
81-->[com.google.mlkit:pose-detection-common:18.0.0-beta3] AndroidManifest.xml:17:13-40
82            android:required="false" />
82-->[com.google.mlkit:pose-detection-common:18.0.0-beta3] AndroidManifest.xml:18:13-37
83
84        <service
84-->[com.google.mlkit:pose-detection-common:18.0.0-beta3] AndroidManifest.xml:26:9-32:19
85            android:name="com.google.mlkit.common.internal.MlKitComponentDiscoveryService"
85-->[com.google.mlkit:pose-detection-common:18.0.0-beta3] AndroidManifest.xml:27:13-91
86            android:directBootAware="true"
86-->[com.google.mlkit:common:18.5.0] AndroidManifest.xml:17:13-43
87            android:exported="false" >
87-->[com.google.mlkit:pose-detection-common:18.0.0-beta3] AndroidManifest.xml:28:13-37
88            <meta-data
88-->[com.google.mlkit:pose-detection-common:18.0.0-beta3] AndroidManifest.xml:29:13-31:85
89                android:name="com.google.firebase.components:com.google.mlkit.vision.pose.internal.PoseRegistrar"
89-->[com.google.mlkit:pose-detection-common:18.0.0-beta3] AndroidManifest.xml:30:17-114
90                android:value="com.google.firebase.components.ComponentRegistrar" />
90-->[com.google.mlkit:pose-detection-common:18.0.0-beta3] AndroidManifest.xml:31:17-82
91            <meta-data
91-->[com.google.mlkit:vision-common:17.2.1] AndroidManifest.xml:12:13-14:85
92                android:name="com.google.firebase.components:com.google.mlkit.vision.common.internal.VisionCommonRegistrar"
92-->[com.google.mlkit:vision-common:17.2.1] AndroidManifest.xml:13:17-124
93                android:value="com.google.firebase.components.ComponentRegistrar" />
93-->[com.google.mlkit:vision-common:17.2.1] AndroidManifest.xml:14:17-82
94            <meta-data
94-->[com.google.mlkit:common:18.5.0] AndroidManifest.xml:20:13-22:85
95                android:name="com.google.firebase.components:com.google.mlkit.common.internal.CommonComponentRegistrar"
95-->[com.google.mlkit:common:18.5.0] AndroidManifest.xml:21:17-120
96                android:value="com.google.firebase.components.ComponentRegistrar" />
96-->[com.google.mlkit:common:18.5.0] AndroidManifest.xml:22:17-82
97        </service>
98        <service
98-->[com.google.mlkit:acceleration:16.0.0-beta1] AndroidManifest.xml:8:9-11:68
99            android:name="com.google.mlkit.acceleration.internal.MlKitRemoteWorkerService"
99-->[com.google.mlkit:acceleration:16.0.0-beta1] AndroidManifest.xml:9:13-91
100            android:exported="false"
100-->[com.google.mlkit:acceleration:16.0.0-beta1] AndroidManifest.xml:10:13-37
101            android:process=":mlkit_acceleration_mini_benchmark" />
101-->[com.google.mlkit:acceleration:16.0.0-beta1] AndroidManifest.xml:11:13-65
102        <service
102-->[androidx.work:work-multiprocess:2.7.0] AndroidManifest.xml:25:9-27:40
103            android:name="androidx.work.multiprocess.RemoteWorkManagerService"
103-->[androidx.work:work-multiprocess:2.7.0] AndroidManifest.xml:26:13-79
104            android:exported="false" />
104-->[androidx.work:work-multiprocess:2.7.0] AndroidManifest.xml:27:13-37
105
106        <uses-library
106-->[androidx.camera:camera-extensions:1.1.0-beta01] AndroidManifest.xml:31:9-33:40
107            android:name="androidx.camera.extensions.impl"
107-->[androidx.camera:camera-extensions:1.1.0-beta01] AndroidManifest.xml:32:13-59
108            android:required="false" />
108-->[androidx.camera:camera-extensions:1.1.0-beta01] AndroidManifest.xml:33:13-37
109
110        <service
110-->[androidx.camera:camera-camera2:1.1.0-beta01] AndroidManifest.xml:26:9-35:19
111            android:name="androidx.camera.core.impl.MetadataHolderService"
111-->[androidx.camera:camera-camera2:1.1.0-beta01] AndroidManifest.xml:27:13-75
112            android:enabled="false"
112-->[androidx.camera:camera-camera2:1.1.0-beta01] AndroidManifest.xml:28:13-36
113            android:exported="false" >
113-->[androidx.camera:camera-camera2:1.1.0-beta01] AndroidManifest.xml:29:13-37
114            <meta-data
114-->[androidx.camera:camera-camera2:1.1.0-beta01] AndroidManifest.xml:32:13-34:89
115                android:name="androidx.camera.core.impl.MetadataHolderService.DEFAULT_CONFIG_PROVIDER"
115-->[androidx.camera:camera-camera2:1.1.0-beta01] AndroidManifest.xml:33:17-103
116                android:value="androidx.camera.camera2.Camera2Config$DefaultProvider" />
116-->[androidx.camera:camera-camera2:1.1.0-beta01] AndroidManifest.xml:34:17-86
117        </service>
118
119        <provider
119-->[com.google.mlkit:common:18.5.0] AndroidManifest.xml:9:9-13:38
120            android:name="com.google.mlkit.common.internal.MlKitInitProvider"
120-->[com.google.mlkit:common:18.5.0] AndroidManifest.xml:10:13-78
121            android:authorities="com.example.skripsi.mlkitinitprovider"
121-->[com.google.mlkit:common:18.5.0] AndroidManifest.xml:11:13-69
122            android:exported="false"
122-->[com.google.mlkit:common:18.5.0] AndroidManifest.xml:12:13-37
123            android:initOrder="99" />
123-->[com.google.mlkit:common:18.5.0] AndroidManifest.xml:13:13-35
124
125        <activity
125-->[com.google.android.gms:play-services-base:18.1.0] AndroidManifest.xml:20:9-22:45
126            android:name="com.google.android.gms.common.api.GoogleApiActivity"
126-->[com.google.android.gms:play-services-base:18.1.0] AndroidManifest.xml:20:19-85
127            android:exported="false"
127-->[com.google.android.gms:play-services-base:18.1.0] AndroidManifest.xml:22:19-43
128            android:theme="@android:style/Theme.Translucent.NoTitleBar" />
128-->[com.google.android.gms:play-services-base:18.1.0] AndroidManifest.xml:21:19-78
129
130        <meta-data
130-->[com.google.android.gms:play-services-basement:18.1.0] AndroidManifest.xml:21:9-23:69
131            android:name="com.google.android.gms.version"
131-->[com.google.android.gms:play-services-basement:18.1.0] AndroidManifest.xml:22:13-58
132            android:value="@integer/google_play_services_version" />
132-->[com.google.android.gms:play-services-basement:18.1.0] AndroidManifest.xml:23:13-66
133
134        <provider
134-->[androidx.work:work-runtime:2.7.0] AndroidManifest.xml:31:9-39:20
135            android:name="androidx.startup.InitializationProvider"
135-->[androidx.work:work-runtime:2.7.0] AndroidManifest.xml:32:13-67
136            android:authorities="com.example.skripsi.androidx-startup"
136-->[androidx.work:work-runtime:2.7.0] AndroidManifest.xml:33:13-68
137            android:exported="false" >
137-->[androidx.work:work-runtime:2.7.0] AndroidManifest.xml:34:13-37
138            <meta-data
138-->[androidx.work:work-runtime:2.7.0] AndroidManifest.xml:36:13-38:52
139                android:name="androidx.work.WorkManagerInitializer"
139-->[androidx.work:work-runtime:2.7.0] AndroidManifest.xml:37:17-68
140                android:value="androidx.startup" />
140-->[androidx.work:work-runtime:2.7.0] AndroidManifest.xml:38:17-49
141        </provider>
142
143        <service
143-->[androidx.work:work-runtime:2.7.0] AndroidManifest.xml:41:9-46:35
144            android:name="androidx.work.impl.background.systemalarm.SystemAlarmService"
144-->[androidx.work:work-runtime:2.7.0] AndroidManifest.xml:42:13-88
145            android:directBootAware="false"
145-->[androidx.work:work-runtime:2.7.0] AndroidManifest.xml:43:13-44
146            android:enabled="@bool/enable_system_alarm_service_default"
146-->[androidx.work:work-runtime:2.7.0] AndroidManifest.xml:44:13-72
147            android:exported="false" />
147-->[androidx.work:work-runtime:2.7.0] AndroidManifest.xml:45:13-37
148        <service
148-->[androidx.work:work-runtime:2.7.0] AndroidManifest.xml:47:9-53:35
149            android:name="androidx.work.impl.background.systemjob.SystemJobService"
149-->[androidx.work:work-runtime:2.7.0] AndroidManifest.xml:48:13-84
150            android:directBootAware="false"
150-->[androidx.work:work-runtime:2.7.0] AndroidManifest.xml:49:13-44
151            android:enabled="@bool/enable_system_job_service_default"
151-->[androidx.work:work-runtime:2.7.0] AndroidManifest.xml:50:13-70
152            android:exported="true"
152-->[androidx.work:work-runtime:2.7.0] AndroidManifest.xml:51:13-36
153            android:permission="android.permission.BIND_JOB_SERVICE" />
153-->[androidx.work:work-runtime:2.7.0] AndroidManifest.xml:52:13-69
154        <service
154-->[androidx.work:work-runtime:2.7.0] AndroidManifest.xml:54:9-59:35
155            android:name="androidx.work.impl.foreground.SystemForegroundService"
155-->[androidx.work:work-runtime:2.7.0] AndroidManifest.xml:55:13-81
156            android:directBootAware="false"
156-->[androidx.work:work-runtime:2.7.0] AndroidManifest.xml:56:13-44
157            android:enabled="@bool/enable_system_foreground_service_default"
157-->[androidx.work:work-runtime:2.7.0] AndroidManifest.xml:57:13-77
158            android:exported="false" />
158-->[androidx.work:work-runtime:2.7.0] AndroidManifest.xml:58:13-37
159
160        <receiver
160-->[androidx.work:work-runtime:2.7.0] AndroidManifest.xml:61:9-66:35
161            android:name="androidx.work.impl.utils.ForceStopRunnable$BroadcastReceiver"
161-->[androidx.work:work-runtime:2.7.0] AndroidManifest.xml:62:13-88
162            android:directBootAware="false"
162-->[androidx.work:work-runtime:2.7.0] AndroidManifest.xml:63:13-44
163            android:enabled="true"
163-->[androidx.work:work-runtime:2.7.0] AndroidManifest.xml:64:13-35
164            android:exported="false" />
164-->[androidx.work:work-runtime:2.7.0] AndroidManifest.xml:65:13-37
165        <receiver
165-->[androidx.work:work-runtime:2.7.0] AndroidManifest.xml:67:9-77:20
166            android:name="androidx.work.impl.background.systemalarm.ConstraintProxy$BatteryChargingProxy"
166-->[androidx.work:work-runtime:2.7.0] AndroidManifest.xml:68:13-106
167            android:directBootAware="false"
167-->[androidx.work:work-runtime:2.7.0] AndroidManifest.xml:69:13-44
168            android:enabled="false"
168-->[androidx.work:work-runtime:2.7.0] AndroidManifest.xml:70:13-36
169            android:exported="false" >
169-->[androidx.work:work-runtime:2.7.0] AndroidManifest.xml:71:13-37
170            <intent-filter>
170-->[androidx.work:work-runtime:2.7.0] AndroidManifest.xml:73:13-76:29
171                <action android:name="android.intent.action.ACTION_POWER_CONNECTED" />
171-->[androidx.work:work-runtime:2.7.0] AndroidManifest.xml:74:17-87
171-->[androidx.work:work-runtime:2.7.0] AndroidManifest.xml:74:25-84
172                <action android:name="android.intent.action.ACTION_POWER_DISCONNECTED" />
172-->[androidx.work:work-runtime:2.7.0] AndroidManifest.xml:75:17-90
172-->[androidx.work:work-runtime:2.7.0] AndroidManifest.xml:75:25-87
173            </intent-filter>
174        </receiver>
175        <receiver
175-->[androidx.work:work-runtime:2.7.0] AndroidManifest.xml:78:9-88:20
176            android:name="androidx.work.impl.background.systemalarm.ConstraintProxy$BatteryNotLowProxy"
176-->[androidx.work:work-runtime:2.7.0] AndroidManifest.xml:79:13-104
177            android:directBootAware="false"
177-->[androidx.work:work-runtime:2.7.0] AndroidManifest.xml:80:13-44
178            android:enabled="false"
178-->[androidx.work:work-runtime:2.7.0] AndroidManifest.xml:81:13-36
179            android:exported="false" >
179-->[androidx.work:work-runtime:2.7.0] AndroidManifest.xml:82:13-37
180            <intent-filter>
180-->[androidx.work:work-runtime:2.7.0] AndroidManifest.xml:84:13-87:29
181                <action android:name="android.intent.action.BATTERY_OKAY" />
181-->[androidx.work:work-runtime:2.7.0] AndroidManifest.xml:85:17-77
181-->[androidx.work:work-runtime:2.7.0] AndroidManifest.xml:85:25-74
182                <action android:name="android.intent.action.BATTERY_LOW" />
182-->[androidx.work:work-runtime:2.7.0] AndroidManifest.xml:86:17-76
182-->[androidx.work:work-runtime:2.7.0] AndroidManifest.xml:86:25-73
183            </intent-filter>
184        </receiver>
185        <receiver
185-->[androidx.work:work-runtime:2.7.0] AndroidManifest.xml:89:9-99:20
186            android:name="androidx.work.impl.background.systemalarm.ConstraintProxy$StorageNotLowProxy"
186-->[androidx.work:work-runtime:2.7.0] AndroidManifest.xml:90:13-104
187            android:directBootAware="false"
187-->[androidx.work:work-runtime:2.7.0] AndroidManifest.xml:91:13-44
188            android:enabled="false"
188-->[androidx.work:work-runtime:2.7.0] AndroidManifest.xml:92:13-36
189            android:exported="false" >
189-->[androidx.work:work-runtime:2.7.0] AndroidManifest.xml:93:13-37
190            <intent-filter>
190-->[androidx.work:work-runtime:2.7.0] AndroidManifest.xml:95:13-98:29
191                <action android:name="android.intent.action.DEVICE_STORAGE_LOW" />
191-->[androidx.work:work-runtime:2.7.0] AndroidManifest.xml:96:17-83
191-->[androidx.work:work-runtime:2.7.0] AndroidManifest.xml:96:25-80
192                <action android:name="android.intent.action.DEVICE_STORAGE_OK" />
192-->[androidx.work:work-runtime:2.7.0] AndroidManifest.xml:97:17-82
192-->[androidx.work:work-runtime:2.7.0] AndroidManifest.xml:97:25-79
193            </intent-filter>
194        </receiver>
195        <receiver
195-->[androidx.work:work-runtime:2.7.0] AndroidManifest.xml:100:9-109:20
196            android:name="androidx.work.impl.background.systemalarm.ConstraintProxy$NetworkStateProxy"
196-->[androidx.work:work-runtime:2.7.0] AndroidManifest.xml:101:13-103
197            android:directBootAware="false"
197-->[androidx.work:work-runtime:2.7.0] AndroidManifest.xml:102:13-44
198            android:enabled="false"
198-->[androidx.work:work-runtime:2.7.0] AndroidManifest.xml:103:13-36
199            android:exported="false" >
199-->[androidx.work:work-runtime:2.7.0] AndroidManifest.xml:104:13-37
200            <intent-filter>
200-->[androidx.work:work-runtime:2.7.0] AndroidManifest.xml:106:13-108:29
201                <action android:name="android.net.conn.CONNECTIVITY_CHANGE" />
201-->[androidx.work:work-runtime:2.7.0] AndroidManifest.xml:107:17-79
201-->[androidx.work:work-runtime:2.7.0] AndroidManifest.xml:107:25-76
202            </intent-filter>
203        </receiver>
204        <receiver
204-->[androidx.work:work-runtime:2.7.0] AndroidManifest.xml:110:9-121:20
205            android:name="androidx.work.impl.background.systemalarm.RescheduleReceiver"
205-->[androidx.work:work-runtime:2.7.0] AndroidManifest.xml:111:13-88
206            android:directBootAware="false"
206-->[androidx.work:work-runtime:2.7.0] AndroidManifest.xml:112:13-44
207            android:enabled="false"
207-->[androidx.work:work-runtime:2.7.0] AndroidManifest.xml:113:13-36
208            android:exported="false" >
208-->[androidx.work:work-runtime:2.7.0] AndroidManifest.xml:114:13-37
209            <intent-filter>
209-->[androidx.work:work-runtime:2.7.0] AndroidManifest.xml:116:13-120:29
210                <action android:name="android.intent.action.BOOT_COMPLETED" />
210-->[androidx.work:work-runtime:2.7.0] AndroidManifest.xml:117:17-79
210-->[androidx.work:work-runtime:2.7.0] AndroidManifest.xml:117:25-76
211                <action android:name="android.intent.action.TIME_SET" />
211-->[androidx.work:work-runtime:2.7.0] AndroidManifest.xml:118:17-73
211-->[androidx.work:work-runtime:2.7.0] AndroidManifest.xml:118:25-70
212                <action android:name="android.intent.action.TIMEZONE_CHANGED" />
212-->[androidx.work:work-runtime:2.7.0] AndroidManifest.xml:119:17-81
212-->[androidx.work:work-runtime:2.7.0] AndroidManifest.xml:119:25-78
213            </intent-filter>
214        </receiver>
215        <receiver
215-->[androidx.work:work-runtime:2.7.0] AndroidManifest.xml:122:9-131:20
216            android:name="androidx.work.impl.background.systemalarm.ConstraintProxyUpdateReceiver"
216-->[androidx.work:work-runtime:2.7.0] AndroidManifest.xml:123:13-99
217            android:directBootAware="false"
217-->[androidx.work:work-runtime:2.7.0] AndroidManifest.xml:124:13-44
218            android:enabled="@bool/enable_system_alarm_service_default"
218-->[androidx.work:work-runtime:2.7.0] AndroidManifest.xml:125:13-72
219            android:exported="false" >
219-->[androidx.work:work-runtime:2.7.0] AndroidManifest.xml:126:13-37
220            <intent-filter>
220-->[androidx.work:work-runtime:2.7.0] AndroidManifest.xml:128:13-130:29
221                <action android:name="androidx.work.impl.background.systemalarm.UpdateProxies" />
221-->[androidx.work:work-runtime:2.7.0] AndroidManifest.xml:129:17-98
221-->[androidx.work:work-runtime:2.7.0] AndroidManifest.xml:129:25-95
222            </intent-filter>
223        </receiver>
224        <receiver
224-->[androidx.work:work-runtime:2.7.0] AndroidManifest.xml:132:9-142:20
225            android:name="androidx.work.impl.diagnostics.DiagnosticsReceiver"
225-->[androidx.work:work-runtime:2.7.0] AndroidManifest.xml:133:13-78
226            android:directBootAware="false"
226-->[androidx.work:work-runtime:2.7.0] AndroidManifest.xml:134:13-44
227            android:enabled="true"
227-->[androidx.work:work-runtime:2.7.0] AndroidManifest.xml:135:13-35
228            android:exported="true"
228-->[androidx.work:work-runtime:2.7.0] AndroidManifest.xml:136:13-36
229            android:permission="android.permission.DUMP" >
229-->[androidx.work:work-runtime:2.7.0] AndroidManifest.xml:137:13-57
230            <intent-filter>
230-->[androidx.work:work-runtime:2.7.0] AndroidManifest.xml:139:13-141:29
231                <action android:name="androidx.work.diagnostics.REQUEST_DIAGNOSTICS" />
231-->[androidx.work:work-runtime:2.7.0] AndroidManifest.xml:140:17-88
231-->[androidx.work:work-runtime:2.7.0] AndroidManifest.xml:140:25-85
232            </intent-filter>
233        </receiver>
234
235        <service
235-->[androidx.room:room-runtime:2.2.5] AndroidManifest.xml:25:9-28:40
236            android:name="androidx.room.MultiInstanceInvalidationService"
236-->[androidx.room:room-runtime:2.2.5] AndroidManifest.xml:26:13-74
237            android:directBootAware="true"
237-->[androidx.room:room-runtime:2.2.5] AndroidManifest.xml:27:13-43
238            android:exported="false" />
238-->[androidx.room:room-runtime:2.2.5] AndroidManifest.xml:28:13-37
239        <service
239-->[com.google.android.datatransport:transport-backend-cct:2.3.3] AndroidManifest.xml:29:9-35:19
240            android:name="com.google.android.datatransport.runtime.backends.TransportBackendDiscovery"
240-->[com.google.android.datatransport:transport-backend-cct:2.3.3] AndroidManifest.xml:30:13-103
241            android:exported="false" >
241-->[com.google.android.datatransport:transport-backend-cct:2.3.3] AndroidManifest.xml:31:13-37
242            <meta-data
242-->[com.google.android.datatransport:transport-backend-cct:2.3.3] AndroidManifest.xml:32:13-34:39
243                android:name="backend:com.google.android.datatransport.cct.CctBackendFactory"
243-->[com.google.android.datatransport:transport-backend-cct:2.3.3] AndroidManifest.xml:33:17-94
244                android:value="cct" />
244-->[com.google.android.datatransport:transport-backend-cct:2.3.3] AndroidManifest.xml:34:17-36
245        </service>
246        <service
246-->[com.google.android.datatransport:transport-runtime:2.2.6] AndroidManifest.xml:26:9-30:19
247            android:name="com.google.android.datatransport.runtime.scheduling.jobscheduling.JobInfoSchedulerService"
247-->[com.google.android.datatransport:transport-runtime:2.2.6] AndroidManifest.xml:27:13-117
248            android:exported="false"
248-->[com.google.android.datatransport:transport-runtime:2.2.6] AndroidManifest.xml:28:13-37
249            android:permission="android.permission.BIND_JOB_SERVICE" >
249-->[com.google.android.datatransport:transport-runtime:2.2.6] AndroidManifest.xml:29:13-69
250        </service>
251
252        <receiver
252-->[com.google.android.datatransport:transport-runtime:2.2.6] AndroidManifest.xml:32:9-34:40
253            android:name="com.google.android.datatransport.runtime.scheduling.jobscheduling.AlarmManagerSchedulerBroadcastReceiver"
253-->[com.google.android.datatransport:transport-runtime:2.2.6] AndroidManifest.xml:33:13-132
254            android:exported="false" />
254-->[com.google.android.datatransport:transport-runtime:2.2.6] AndroidManifest.xml:34:13-37
255    </application>
256
257</manifest>